2025-05-14 02:58:38,920 | reddit_client | INFO | Tentative de connexion à l'API Reddit
2025-05-14 02:58:39,297 | reddit_client | INFO | Connexion à Reddit réussie
2025-05-14 02:58:39,298 | reddit_client | INFO | Recherche de posts dans r/creepypasta avec le mot-clé 'ghost'
2025-05-14 02:58:40,732 | reddit_client | INFO | Meilleur post trouvé: "The Soldier Who Says Nothing" (Score: 1)
2025-05-14 03:00:09,212 | reddit_client | INFO | Tentative de connexion à l'API Reddit
2025-05-14 03:00:09,213 | reddit_client | INFO | Connexion à Reddit réussie
2025-05-14 03:00:09,213 | reddit_client | INFO | Recherche de posts dans r/creepypasta avec le mot-clé 'ghost'
2025-05-14 03:00:11,402 | reddit_client | INFO | Meilleur post trouvé: "The Soldier Who Says Nothing" (Score: 1)
2025-05-14 03:01:13,137 | reddit_client | INFO | Tentative de connexion à l'API Reddit
2025-05-14 03:01:13,139 | reddit_client | INFO | Connexion à Reddit réussie
2025-05-14 03:01:13,139 | reddit_client | INFO | Recherche de posts dans r/creepypasta avec le mot-clé 'door'
2025-05-14 03:01:14,439 | reddit_client | INFO | Meilleur post trouvé: "The thing I pulled from the ocean is changing me - part 1" (Score: 2)
2025-05-14 03:03:05,683 | reddit_client | INFO | Tentative de connexion à l'API Reddit
2025-05-14 03:03:05,684 | reddit_client | INFO | Connexion à Reddit réussie
2025-05-14 03:03:05,685 | reddit_client | INFO | Recherche de posts dans r/creepypasta avec le mot-clé 'door'
2025-05-14 03:03:07,210 | reddit_client | INFO | Meilleur post trouvé: "The thing I pulled from the ocean is changing me - part 1" (Score: 2)
2025-05-14 03:09:05,789 | reddit_client | INFO | Tentative de connexion à l'API Reddit
2025-05-14 03:09:05,791 | reddit_client | INFO | Connexion à Reddit réussie
2025-05-14 03:09:05,791 | reddit_client | INFO | Recherche de posts dans r/creepypasta avec le mot-clé 'door'
2025-05-14 03:09:07,240 | reddit_client | INFO | Meilleur post trouvé: "The thing I pulled from the ocean is changing me - part 1" (Score: 2)
2025-05-14 03:11:51,378 | reddit_client | INFO | Tentative de connexion à l'API Reddit
2025-05-14 03:11:51,380 | reddit_client | INFO | Connexion à Reddit réussie
2025-05-14 03:11:51,380 | reddit_client | INFO | Recherche de posts dans r/creepypasta avec le mot-clé 'door'
2025-05-14 03:11:52,837 | reddit_client | INFO | Meilleur post trouvé: "The thing I pulled from the ocean is changing me - part 1" (Score: 2)
2025-05-14 03:15:53,203 | reddit_client | INFO | Tentative de connexion à l'API Reddit
2025-05-14 03:15:53,205 | reddit_client | INFO | Connexion à Reddit réussie
2025-05-14 03:15:53,205 | reddit_client | INFO | Recherche de posts dans r/creepypasta avec le mot-clé 'door'
2025-05-14 03:15:54,420 | reddit_client | INFO | Meilleur post trouvé: "The thing I pulled from the ocean is changing me - part 1" (Score: 2)
2025-05-14 03:26:32,255 | reddit_client | INFO | Tentative de connexion à l'API Reddit
2025-05-14 03:26:32,256 | reddit_client | INFO | Connexion à Reddit réussie
2025-05-14 03:26:32,256 | reddit_client | INFO | Recherche de posts dans r/creepypasta avec le mot-clé 'door'
2025-05-14 03:26:33,897 | reddit_client | INFO | Meilleur post trouvé: "The thing I pulled from the ocean is changing me - part 1" (Score: 2)
2025-05-14 03:29:32,203 | reddit_client | INFO | Tentative de connexion à l'API Reddit
2025-05-14 03:29:32,205 | reddit_client | INFO | Connexion à Reddit réussie
2025-05-14 03:29:32,205 | reddit_client | INFO | Recherche de posts dans r/creepypasta avec le mot-clé 'door'
2025-05-14 03:29:33,588 | reddit_client | INFO | Meilleur post trouvé: "The thing I pulled from the ocean is changing me - part 1" (Score: 2)
2025-05-14 03:34:36,326 | reddit_client | INFO | Tentative de connexion à l'API Reddit
2025-05-14 03:34:36,327 | reddit_client | INFO | Connexion à Reddit réussie
2025-05-14 03:34:36,328 | reddit_client | INFO | Recherche de posts dans r/creepypasta avec le mot-clé 'door'
2025-05-14 03:34:37,577 | reddit_client | INFO | Meilleur post trouvé: "I'm feeling watched..." (Score: 1)
